<?xml version="1.0" encoding="UTF-8"?>
<testng-results skipped="0" failed="0" ignored="0" total="1" passed="1">
  <reporter-output>
  </reporter-output>
  <suite name="Default suite" duration-ms="8077" started-at="2018-06-16T20:22:45Z" finished-at="2018-06-16T20:22:53Z">
    <groups>
    </groups>
    <test name="Default test" duration-ms="8077" started-at="2018-06-16T20:22:45Z" finished-at="2018-06-16T20:22:53Z">
      <class name="browser.tests.ActionClass">
        <test-method status="PASS" signature="setup()[pri:0, instance:browser.tests.ActionClass@239963d8]" name="setup" is-config="true" duration-ms="7882" started-at="2018-06-16T16:22:45Z" finished-at="2018-06-16T16:22:53Z">
          <reporter-output>
          </reporter-output>
        </test-method> <!-- setup -->
        <test-method status="PASS" signature="test()[pri:0, instance:browser.tests.ActionClass@239963d8]" name="test" duration-ms="4" started-at="2018-06-16T16:22:53Z" finished-at="2018-06-16T16:22:53Z">
          <reporter-output>
          </reporter-output>
        </test-method> <!-- test -->
        <test-method status="PASS" signature="teardown()[pri:0, instance:browser.tests.ActionClass@239963d8]" name="teardown" is-config="true" duration-ms="171" started-at="2018-06-16T16:22:53Z" finished-at="2018-06-16T16:22:53Z">
          <reporter-output>
          </reporter-output>
        </test-method> <!-- teardown -->
      </class> <!-- browser.tests.ActionClass -->
    </test> <!-- Default test -->
  </suite> <!-- Default suite -->
</testng-results>
